<?xml version="1.0" encoding="UTF-8"?>
<testsuite xmlns:xsi="http://www.w3.org/2001/XMLSchema-instance" xsi:noNamespaceSchemaLocation="https://maven.apache.org/surefire/maven-surefire-plugin/xsd/surefire-test-report-3.0.xsd" version="3.0" name="ZooTest" time="0.005" tests="1" errors="0" skipped="0" failures="0">
  <properties>
    <property name="java.specification.version" value="21"/>
    <property name="sun.cpu.isalist" value="amd64"/>
    <property name="sun.jnu.encoding" value="GBK"/>
    <property name="java.class.path" value="C:\Users\lyx\Desktop\zoo\target\test-classes;C:\Users\lyx\Desktop\zoo\target\classes;C:\maven-repository\org\junit\jupiter\junit-jupiter-api\5.8.1\junit-jupiter-api-5.8.1.jar;C:\maven-repository\org\opentest4j\opentest4j\1.2.0\opentest4j-1.2.0.jar;C:\maven-repository\org\junit\platform\junit-platform-commons\1.8.1\junit-platform-commons-1.8.1.jar;C:\maven-repository\org\apiguardian\apiguardian-api\1.1.2\apiguardian-api-1.1.2.jar;C:\maven-repository\org\junit\jupiter\junit-jupiter-engine\5.8.1\junit-jupiter-engine-5.8.1.jar;C:\maven-repository\org\junit\platform\junit-platform-engine\1.8.1\junit-platform-engine-1.8.1.jar;C:\maven-repository\io\cucumber\cucumber-java\7.10.1\cucumber-java-7.10.1.jar;C:\maven-repository\io\cucumber\cucumber-junit\7.10.1\cucumber-junit-7.10.1.jar;C:\maven-repository\junit\junit\4.13.2\junit-4.13.2.jar;C:\maven-repository\org\hamcrest\hamcrest-core\1.3\hamcrest-core-1.3.jar;C:\maven-repository\io\cucumber\cucumber-core\7.10.1\cucumber-core-7.10.1.jar;C:\maven-repository\io\cucumber\cucumber-gherkin\7.10.1\cucumber-gherkin-7.10.1.jar;C:\maven-repository\io\cucumber\cucumber-gherkin-messages\7.10.1\cucumber-gherkin-messages-7.10.1.jar;C:\maven-repository\io\cucumber\gherkin\25.0.2\gherkin-25.0.2.jar;C:\maven-repository\io\cucumber\messages\19.1.4\messages-19.1.4.jar;C:\maven-repository\io\cucumber\tag-expressions\4.1.0\tag-expressions-4.1.0.jar;C:\maven-repository\io\cucumber\cucumber-expressions\16.1.1\cucumber-expressions-16.1.1.jar;C:\maven-repository\io\cucumber\datatable\7.10.1\datatable-7.10.1.jar;C:\maven-repository\io\cucumber\cucumber-plugin\7.10.1\cucumber-plugin-7.10.1.jar;C:\maven-repository\io\cucumber\docstring\7.10.1\docstring-7.10.1.jar;C:\maven-repository\io\cucumber\html-formatter\20.2.0\html-formatter-20.2.0.jar;C:\maven-repository\io\cucumber\ci-environment\9.1.0\ci-environment-9.1.0.jar;C:\maven-repository\org\junit\jupiter\junit-jupiter\5.8.2\junit-jupiter-5.8.2.jar;C:\maven-repository\org\junit\jupiter\junit-jupiter-params\5.8.2\junit-jupiter-params-5.8.2.jar;"/>
    <property name="java.vm.vendor" value="Oracle Corporation"/>
    <property name="sun.arch.data.model" value="64"/>
    <property name="user.variant" value=""/>
    <property name="java.vendor.url" value="https://java.oracle.com/"/>
    <property name="user.timezone" value="Europe/Paris"/>
    <property name="user.country.format" value="FR"/>
    <property name="os.name" value="Windows 10"/>
    <property name="java.vm.specification.version" value="21"/>
    <property name="sun.java.launcher" value="SUN_STANDARD"/>
    <property name="user.country" value="CN"/>
    <property name="sun.boot.library.path" value="C:\Program Files\Java\jdk-21\bin"/>
    <property name="sun.java.command" value="C:\Users\lyx\AppData\Local\Temp\surefire16136758324052368785\surefirebooter-20250319183633222_3.jar C:\Users\lyx\AppData\Local\Temp\surefire16136758324052368785 2025-03-19T18-36-32_817-jvmRun1 surefire-20250319183633222_1tmp surefire_0-20250319183633222_2tmp"/>
    <property name="jdk.debug" value="release"/>
    <property name="surefire.test.class.path" value="C:\Users\lyx\Desktop\zoo\target\test-classes;C:\Users\lyx\Desktop\zoo\target\classes;C:\maven-repository\org\junit\jupiter\junit-jupiter-api\5.8.1\junit-jupiter-api-5.8.1.jar;C:\maven-repository\org\opentest4j\opentest4j\1.2.0\opentest4j-1.2.0.jar;C:\maven-repository\org\junit\platform\junit-platform-commons\1.8.1\junit-platform-commons-1.8.1.jar;C:\maven-repository\org\apiguardian\apiguardian-api\1.1.2\apiguardian-api-1.1.2.jar;C:\maven-repository\org\junit\jupiter\junit-jupiter-engine\5.8.1\junit-jupiter-engine-5.8.1.jar;C:\maven-repository\org\junit\platform\junit-platform-engine\1.8.1\junit-platform-engine-1.8.1.jar;C:\maven-repository\io\cucumber\cucumber-java\7.10.1\cucumber-java-7.10.1.jar;C:\maven-repository\io\cucumber\cucumber-junit\7.10.1\cucumber-junit-7.10.1.jar;C:\maven-repository\junit\junit\4.13.2\junit-4.13.2.jar;C:\maven-repository\org\hamcrest\hamcrest-core\1.3\hamcrest-core-1.3.jar;C:\maven-repository\io\cucumber\cucumber-core\7.10.1\cucumber-core-7.10.1.jar;C:\maven-repository\io\cucumber\cucumber-gherkin\7.10.1\cucumber-gherkin-7.10.1.jar;C:\maven-repository\io\cucumber\cucumber-gherkin-messages\7.10.1\cucumber-gherkin-messages-7.10.1.jar;C:\maven-repository\io\cucumber\gherkin\25.0.2\gherkin-25.0.2.jar;C:\maven-repository\io\cucumber\messages\19.1.4\messages-19.1.4.jar;C:\maven-repository\io\cucumber\tag-expressions\4.1.0\tag-expressions-4.1.0.jar;C:\maven-repository\io\cucumber\cucumber-expressions\16.1.1\cucumber-expressions-16.1.1.jar;C:\maven-repository\io\cucumber\datatable\7.10.1\datatable-7.10.1.jar;C:\maven-repository\io\cucumber\cucumber-plugin\7.10.1\cucumber-plugin-7.10.1.jar;C:\maven-repository\io\cucumber\docstring\7.10.1\docstring-7.10.1.jar;C:\maven-repository\io\cucumber\html-formatter\20.2.0\html-formatter-20.2.0.jar;C:\maven-repository\io\cucumber\ci-environment\9.1.0\ci-environment-9.1.0.jar;C:\maven-repository\org\junit\jupiter\junit-jupiter\5.8.2\junit-jupiter-5.8.2.jar;C:\maven-repository\org\junit\jupiter\junit-jupiter-params\5.8.2\junit-jupiter-params-5.8.2.jar;"/>
    <property name="sun.cpu.endian" value="little"/>
    <property name="user.home" value="C:\Users\lyx"/>
    <property name="user.language" value="zh"/>
    <property name="java.specification.vendor" value="Oracle Corporation"/>
    <property name="java.version.date" value="2024-10-15"/>
    <property name="java.home" value="C:\Program Files\Java\jdk-21"/>
    <property name="file.separator" value="\"/>
    <property name="basedir" value="C:\Users\lyx\Desktop\zoo"/>
    <property name="java.vm.compressedOopsMode" value="Zero based"/>
    <property name="line.separator" value="&#10;"/>
    <property name="java.vm.specification.vendor" value="Oracle Corporation"/>
    <property name="java.specification.name" value="Java Platform API Specification"/>
    <property name="surefire.real.class.path" value="C:\Users\lyx\AppData\Local\Temp\surefire16136758324052368785\surefirebooter-20250319183633222_3.jar"/>
    <property name="user.script" value=""/>
    <property name="sun.management.compiler" value="HotSpot 64-Bit Tiered Compilers"/>
    <property name="java.runtime.version" value="21.0.5+9-LTS-239"/>
    <property name="user.name" value="lyx"/>
    <property name="stdout.encoding" value="GBK"/>
    <property name="path.separator" value=";"/>
    <property name="os.version" value="10.0"/>
    <property name="java.runtime.name" value="Java(TM) SE Runtime Environment"/>
    <property name="file.encoding" value="UTF-8"/>
    <property name="java.vm.name" value="Java HotSpot(TM) 64-Bit Server VM"/>
    <property name="localRepository" value="C:\maven-repository"/>
    <property name="java.vendor.url.bug" value="https://bugreport.java.com/bugreport/"/>
    <property name="java.io.tmpdir" value="C:\Users\lyx\AppData\Local\Temp\"/>
    <property name="java.version" value="21.0.5"/>
    <property name="user.dir" value="C:\Users\lyx\Desktop\zoo"/>
    <property name="os.arch" value="amd64"/>
    <property name="java.vm.specification.name" value="Java Virtual Machine Specification"/>
    <property name="user.language.format" value="fr"/>
    <property name="sun.os.patch.level" value=""/>
    <property name="native.encoding" value="GBK"/>
    <property name="java.library.path" value="C:\Program Files\Java\jdk-21\bin;C:\windows\Sun\Java\bin;C:\windows\system32;C:\windows;C:\Python312\Scripts\;C:\Python312\;C:\Program Files\Common Files\Oracle\Java\javapath;C:\Program Files (x86)\Common Files\Oracle\Java\javapath;C:\Program Files\Python310\Scripts\;C:\Program Files\Python310\;C:\windows\system32;C:\windows;C:\windows\System32\Wbem;C:\windows\System32\WindowsPowerShell\v1.0\;C:\windows\System32\OpenSSH\;C:\Program Files (x86)\NVIDIA Corporation\PhysX\Common;C:\Program Files\Microsoft SQL Server\Client SDK\ODBC\170\Tools\Binn\;C:\Program Files (x86)\Microsoft SQL Server\150\Tools\Binn\;C:\Program Files\Microsoft SQL Server\150\Tools\Binn\;C:\Program Files\Microsoft SQL Server\150\DTS\Binn\;C:\Program Files (x86)\Microsoft SQL Server\150\DTS\Binn\;C:\Program Files\Azure Data Studio\bin;C:\Users\lyx\Desktop\mongosh-1.8.0-win32-x64\bin;C:\Program Files\Graphviz\bin;C:\windows\System32\Wbem;C:\ProgramData\chocolatey\bin;C:\Program Files\nodejs\;C:\Users\lyx\Downloads\apache-tomcat-9.0.96-windows-x64\apache-tomcat-9.0.96、bin;C:\Program Files\Git\cmd;C:\Users\lyx\Downloads\apache-maven-3.9.9-bin\apache-maven-3.9.9\bin;C:\Anaconda3;C:\Anaconda3\Library\mingw-w64\bin;C:\Anaconda3\Library\usr\bin;C:\Anaconda3\Library\bin;C:\Anaconda3\Scripts;C:\Users\lyx\AppData\Local\Microsoft\WindowsApps;C:\Program Files\Azure Data Studio\bin;C:\Users\lyx\IntelliJ IDEA Community Edition 2022.2.3\bin;C:\Users\lyx\AppData\Local\GitHubDesktop\bin;C:\MySQL Server 8.0\bin;C:\Program Files\Java\jdk-21\bin;C:\Users\lyx\AppData\Local\Programs\Microsoft VS Code\bin;C:\windows\System32\Wbem;C:\Users\lyx\AppData\Roaming\Programs\Zero Install;C:\Users\lyx\AppData\Roaming\npm;C:\Users\lyx\Downloads\apache-tomcat-9.0.96-windows-x64\apache-tomcat-9.0.96、bin;;C:\windows\System32\Wbem;."/>
    <property name="java.vm.info" value="mixed mode, sharing"/>
    <property name="stderr.encoding" value="GBK"/>
    <property name="java.vendor" value="Oracle Corporation"/>
    <property name="java.vm.version" value="21.0.5+9-LTS-239"/>
    <property name="sun.io.unicode.encoding" value="UnicodeLittle"/>
    <property name="java.class.version" value="65.0"/>
  </properties>
  <testcase name="newTestRegisterPanda" classname="ZooTest" time="0.001"/>
</testsuite>